<?xml version="1.0" encoding="UTF-8"?>
<!-- Generated by org.testng.reporters.JUnitXMLReporter -->
<testsuite hostname="Rupom-Rups" ignored="0" name="Command line test" tests="4" failures="0" timestamp="23 Mar 2020 10:34:41 GMT" time="0.09" errors="0">
  <testcase name="mobile" time="0.022" classname="Qaclickacademy.mavenJava.AppiumTest"/>
  <testcase name="mobiletest" time="0.001" classname="Qaclickacademy.mavenJava.AppiumTest"/>
  <testcase name="rupom" time="0.001" classname="Qaclickacademy.mavenJava.SomaTest"/>
  <testcase name="rupomroy" time="0.0" classname="Qaclickacademy.mavenJava.SomaTest"/>
</testsuite> <!-- Command line test -->
